0 info it worked if it ends with ok
1 verbose cli [ '/home/clyde/.nvm/versions/node/v6.11.5/bin/node',
1 verbose cli   '/home/clyde/.nvm/versions/node/v6.11.5/bin/npm',
1 verbose cli   'start' ]
2 info using npm@3.10.10
3 info using node@v6.11.5
4 verbose run-script [ 'prestart', 'start', 'poststart' ]
5 info lifecycle unicome@1.0.0~prestart: unicome@1.0.0
6 silly lifecycle unicome@1.0.0~prestart: no script for prestart, continuing
7 info lifecycle unicome@1.0.0~start: unicome@1.0.0
8 verbose lifecycle unicome@1.0.0~start: unsafe-perm in lifecycle true
9 verbose lifecycle unicome@1.0.0~start: PATH: /home/clyde/.nvm/versions/node/v6.11.5/lib/node_modules/npm/bin/node-gyp-bin:/mnt/c/Users/clyde/Documents/work/webdev/unicome/node_modules/.bin:/home/clyde/anaconda3/bin:/home/clyde/anaconda3/condabin:/mnt/c/ProgramData/Anaconda3/bin:/home/clyde/.nvm/versions/node/v6.11.5/bin:/usr/local/sbin:/usr/local/bin:/usr/sbin:/usr/bin:/sbin:/bin:/usr/games:/usr/local/games:/usr/lib/wsl/lib:/mnt/c/Python310/Scripts:/mnt/c/Python310:/mnt/c/WINDOWS/system32:/mnt/c/WINDOWS:/mnt/c/WINDOWS/System32/Wbem:/mnt/c/WINDOWS/System32/WindowsPowerShell/v1.0:/mnt/c/WINDOWS/System32/OpenSSH:/mnt/c/Program Files (x86)/Tailscale IPN:/mnt/c/Program Files/nodejs:/mnt/c/ProgramData/chocolatey/bin:/mnt/c/Program Files/MATLAB/R2021b/bin:/mnt/c/Program Files/MiKTeX/miktex/bin/x64:/mnt/c/Program Files/Git/cmd:/mnt/c/Users/clyde/AppData/Local/Programs/Microsoft VS Code/bin:/mnt/c/Users/clyde/AppData/Roaming/npm:/mnt/c/Users/clyde/AppData/Local/GitHubDesktop/bin:/mnt/c/Program Files (x86)/Vim/vim82:/mnt/c/Users/clyde/AppData/Local/Programs/MiKTeX/miktex/bin/x64:/mnt/c/Users/clyde/AppData/Local/Programs/Espanso
10 verbose lifecycle unicome@1.0.0~start: CWD: /mnt/c/Users/clyde/Documents/work/webdev/unicome
11 silly lifecycle unicome@1.0.0~start: Args: [ '-c',
11 silly lifecycle   'if-env NODE_ENV=production && npm run start:prod || npm run start:dev' ]
12 silly lifecycle unicome@1.0.0~start: Returned: code: 1  signal: null
13 info lifecycle unicome@1.0.0~start: Failed to exec start script
14 verbose stack Error: unicome@1.0.0 start: `if-env NODE_ENV=production && npm run start:prod || npm run start:dev`
14 verbose stack Exit status 1
14 verbose stack     at EventEmitter.<anonymous> (/home/clyde/.nvm/versions/node/v6.11.5/lib/node_modules/npm/lib/utils/lifecycle.js:255:16)
14 verbose stack     at emitTwo (events.js:106:13)
14 verbose stack     at EventEmitter.emit (events.js:191:7)
14 verbose stack     at ChildProcess.<anonymous> (/home/clyde/.nvm/versions/node/v6.11.5/lib/node_modules/npm/lib/utils/spawn.js:40:14)
14 verbose stack     at emitTwo (events.js:106:13)
14 verbose stack     at ChildProcess.emit (events.js:191:7)
14 verbose stack     at maybeClose (internal/child_process.js:920:16)
14 verbose stack     at Process.ChildProcess._handle.onexit (internal/child_process.js:230:5)
15 verbose pkgid unicome@1.0.0
16 verbose cwd /mnt/c/Users/clyde/Documents/work/webdev/unicome
17 error Linux 5.10.102.1-microsoft-standard-WSL2
18 error argv "/home/clyde/.nvm/versions/node/v6.11.5/bin/node" "/home/clyde/.nvm/versions/node/v6.11.5/bin/npm" "start"
19 error node v6.11.5
20 error npm  v3.10.10
21 error code ELIFECYCLE
22 error unicome@1.0.0 start: `if-env NODE_ENV=production && npm run start:prod || npm run start:dev`
22 error Exit status 1
23 error Failed at the unicome@1.0.0 start script 'if-env NODE_ENV=production && npm run start:prod || npm run start:dev'.
23 error Make sure you have the latest version of node.js and npm installed.
23 error If you do, this is most likely a problem with the unicome package,
23 error not with npm itself.
23 error Tell the author that this fails on your system:
23 error     if-env NODE_ENV=production && npm run start:prod || npm run start:dev
23 error You can get information on how to open an issue for this project with:
23 error     npm bugs unicome
23 error Or if that isn't available, you can get their info via:
23 error     npm owner ls unicome
23 error There is likely additional logging output above.
24 verbose exit [ 1, true ]
